<?xml version="1.0" encoding="UTF-8"?>
<!-- Generated by org.testng.reporters.JUnitReportReporter -->
<testsuite hostname="Mez_Laptop" failures="0" tests="1" name="com.nopCommerce.TestCases.AddToCartTest" time="4.157" errors="0" timestamp="2024-07-27T00:02:44 EST" skipped="0">
  <testcase classname="com.nopCommerce.TestCases.AddToCartTest" name="verifyProductAddedToShoppingCart" time="4.157"/>
</testsuite> <!-- com.nopCommerce.TestCases.AddToCartTest -->
